Using pre-set license
Built from '2021.1/china_unity/release' branch; Version is '2021.1.15f1c1 (53017094f33d) revision 5439856'; Using compiler version '192528614'; Build Type 'Release'
OS: 'Windows 10 Home China; OS build 19042.1288; Version 2009; 64bit' Language: 'zh' Physical Memory: 16151 MB
BatchMode: 1, IsHumanControllingUs: 0, StartBugReporterOnCrash: 0, Is64bit: 1, IsPro: 0

 COMMAND LINE ARGUMENTS:
D:\Programs\Unity\Unity Editors\2021.1.15f1c1\Editor\Unity.exe
-adb2
-batchMode
-noUpm
-name
AssetImportWorker0
-projectPath
E:/Unity Workspace/2021/Gmds/RPG demo
-logFile
Logs/AssetImportWorker0.log
-srvPort
53719
Successfully changed project path to: E:/Unity Workspace/2021/Gmds/RPG demo
E:/Unity Workspace/2021/Gmds/RPG demo
Using Asset Import Pipeline V2.
Refreshing native plugins compatible for Editor in 78.95 ms, found 3 plugins.
Preloading 0 native plugins for Editor in 0.00 ms.
Initialize engine version: 2021.1.15f1c1 (53017094f33d)
[Subsystems] Discovering subsystems at path D:/Programs/Unity/Unity Editors/2021.1.15f1c1/Editor/Data/Resources/UnitySubsystems
[Subsystems] Discovering subsystems at path E:/Unity Workspace/2021/Gmds/RPG demo/Assets
GfxDevice: creating device client; threaded=0; jobified=0
Direct3D:
    Version:  Direct3D 11.0 [level 11.1]
    Renderer: NVIDIA GeForce RTX 3060 Laptop GPU (ID=0x2560)
    Vendor:   NVIDIA
    VRAM:     6023 MB
    Driver:   30.0.14.7199
Invalid texture used for cursor - check importer settings or texture creation. Texture must be RGBA32, readable, have alphaIsTransparency enabled and have no mip chain.

Initialize mono
Mono path[0] = 'D:/Programs/Unity/Unity Editors/2021.1.15f1c1/Editor/Data/Managed'
Mono path[1] = 'D:/Programs/Unity/Unity Editors/2021.1.15f1c1/Editor/Data/MonoBleedingEdge/lib/mono/unityjit'
Mono config path = 'D:/Programs/Unity/Unity Editors/2021.1.15f1c1/Editor/Data/MonoBleedingEdge/etc'
Using monoOptions --debugger-agent=transport=dt_socket,embedding=1,server=y,suspend=n,address=127.0.0.1:56988
Begin MonoManager ReloadAssembly
Registering precompiled unity dll's ...
Register platform support module: D:/Programs/Unity/Unity Editors/2021.1.15f1c1/Editor/Data/PlaybackEngines/WindowsStandaloneSupport/UnityEditor.WindowsStandalone.Extensions.dll
Registered in 0.002606 seconds.
Native extension for WindowsStandalone target not found
Refreshing native plugins compatible for Editor in 73.89 ms, found 3 plugins.
Preloading 0 native plugins for Editor in 0.00 ms.
Mono: successfully reloaded assembly
- Completed reload, in  1.051 seconds
Domain Reload Profiling:
	ReloadAssembly (1051ms)
		BeginReloadAssembly (75ms)
			ExecutionOrderSort (0ms)
			DisableScriptedObjects (0ms)
			BackupInstance (0ms)
			ReleaseScriptingObjects (0ms)
			CreateAndSetChildDomain (1ms)
		EndReloadAssembly (388ms)
			LoadAssemblies (73ms)
			RebuildTransferFunctionScriptingTraits (0ms)
			SetupTypeCache (135ms)
			ReleaseScriptCaches (0ms)
			RebuildScriptCaches (23ms)
			SetupLoadedEditorAssemblies (190ms)
				LogAssemblyErrors (0ms)
				InitializePlatformSupportModulesInManaged (5ms)
				SetLoadedEditorAssemblies (0ms)
				RefreshPlugins (74ms)
				BeforeProcessingInitializeOnLoad (2ms)
				ProcessInitializeOnLoadAttributes (85ms)
				ProcessInitializeOnLoadMethodAttributes (24ms)
				AfterProcessingInitializeOnLoad (0ms)
				EditorAssembliesLoaded (0ms)
			ExecutionOrderSort2 (0ms)
			AwakeInstancesAfterBackupRestoration (0ms)
Platform modules already initialized, skipping
Registering precompiled user dll's ...
Registered in 0.007215 seconds.
Begin MonoManager ReloadAssembly
Symbol file LoadedFromMemory doesn't match image E:\Unity Workspace\2021\Gmds\RPG demo\Library\PackageCache\com.unity.visualscripting@1.6.1\Editor\VisualScripting.Core\Dependencies\YamlDotNet\Unity.VisualScripting.YamlDotNet.dll
Symbol file LoadedFromMemory doesn't match image E:\Unity Workspace\2021\Gmds\RPG demo\Library\PackageCache\com.unity.visualscripting@1.6.1\Editor\VisualScripting.Core\Dependencies\DotNetZip\Unity.VisualScripting.IonicZip.dll
Native extension for WindowsStandalone target not found
Refreshing native plugins compatible for Editor in 76.41 ms, found 3 plugins.
Preloading 0 native plugins for Editor in 0.00 ms.
Mono: successfully reloaded assembly
- Completed reload, in  1.090 seconds
Domain Reload Profiling:
	ReloadAssembly (1090ms)
		BeginReloadAssembly (149ms)
			ExecutionOrderSort (0ms)
			DisableScriptedObjects (3ms)
			BackupInstance (0ms)
			ReleaseScriptingObjects (0ms)
			CreateAndSetChildDomain (22ms)
		EndReloadAssembly (891ms)
			LoadAssemblies (90ms)
			RebuildTransferFunctionScriptingTraits (0ms)
			SetupTypeCache (314ms)
			ReleaseScriptCaches (1ms)
			RebuildScriptCaches (57ms)
			SetupLoadedEditorAssemblies (355ms)
				LogAssemblyErrors (0ms)
				InitializePlatformSupportModulesInManaged (4ms)
				SetLoadedEditorAssemblies (0ms)
				RefreshPlugins (77ms)
				BeforeProcessingInitializeOnLoad (57ms)
				ProcessInitializeOnLoadAttributes (207ms)
				ProcessInitializeOnLoadMethodAttributes (4ms)
				AfterProcessingInitializeOnLoad (6ms)
				EditorAssembliesLoaded (0ms)
			ExecutionOrderSort2 (0ms)
			AwakeInstancesAfterBackupRestoration (5ms)
Platform modules already initialized, skipping
========================================================================
Worker process is ready to serve import requests
Launched and connected shader compiler UnityShaderCompiler.exe after 0.04 seconds
Refreshing native plugins compatible for Editor in 0.75 ms, found 3 plugins.
Preloading 0 native plugins for Editor in 0.00 ms.
Unloading 3790 Unused Serialized files (Serialized files now loaded: 0)
System memory in use before: 133.1 MB.
System memory in use after: 133.3 MB.

Unloading 21 unused Assets to reduce memory usage. Loaded Objects now: 4236.
Total: 1.944400 ms (FindLiveObjects: 0.217000 ms CreateObjectMapping: 0.081000 ms MarkObjects: 1.621600 ms  DeleteObjects: 0.023700 ms)

AssetImportParameters requested are different than current active one (requested -> active):
  custom:framework-win-MediaFoundation: 216162199b28c13a410421893ffa2e32 -> 
  custom:video-decoder-ogg-theora: a1e56fd34408186e4bbccfd4996cb3dc -> 
  custom:container-muxer-webm: aa71ff27fc2769a1b78a27578f13a17b -> 
  custom:container-demuxer-webm: 4f35f7cbe854078d1ac9338744f61a02 -> 
  custom:container-demuxer-ogg: 62fdf1f143b41e24485cea50d1cbac27 -> 
  custom:video-encoder-webm-vp8: eb34c28f22e8b96e1ab97ce403110664 -> 
  custom:video-codec-MediaFoundation-h265: 746d11721c4dcdbdad8f713fa42b33f4 -> 
  custom:video-decoder-webm-vp8: 9c59270c3fd7afecdb556c50c9e8de78 -> 
  custom:audio-decoder-ogg-vorbis: bf7c407c2cedff20999df2af8eb42d56 -> 
  custom:audio-encoder-webm-vorbis: bf7c407c2cedff20999df2af8eb42d56 -> 
========================================================================
Received Import Request.
  path: Assets/Gizmos
  artifactKey: Guid(247a3b395d5325543ba5a04fc70960ad) Importer(815301076,1909f56bfc062723c751e8b465ee728b)
Start importing Assets/Gizmos using Guid(247a3b395d5325543ba5a04fc70960ad) Importer(815301076,1909f56bfc062723c751e8b465ee728b)  -> (artifact id: '2a12c80f274c09f9b763df84496484f0') in 0.005499 seconds 
========================================================================
Received Import Request.
  Time since last request: 30.887766 seconds.
  path: Assets/_GameStuff/Skills/General/Willpower/Willpower-Decisiveness.asset
  artifactKey: Guid(a1b7e16861e1c7e4a861a32290fc74bb) Importer(815301076,1909f56bfc062723c751e8b465ee728b)
Start importing Assets/_GameStuff/Skills/General/Willpower/Willpower-Decisiveness.asset using Guid(a1b7e16861e1c7e4a861a32290fc74bb) Importer(815301076,1909f56bfc062723c751e8b465ee728b)  -> (artifact id: '415667a74ad9dfec7c9863a9e7b011eb') in 0.029954 seconds 
========================================================================
Received Import Request.
  Time since last request: 0.288539 seconds.
  path: Assets/_GameStuff/Skills/General/Willpower/Willpower-Discipline.asset
  artifactKey: Guid(5e44a628f4b2ff442837da0ade07cdfd) Importer(815301076,1909f56bfc062723c751e8b465ee728b)
Start importing Assets/_GameStuff/Skills/General/Willpower/Willpower-Discipline.asset using Guid(5e44a628f4b2ff442837da0ade07cdfd) Importer(815301076,1909f56bfc062723c751e8b465ee728b)  -> (artifact id: '1a4fd07f8ff3a8e84de97021871b5c0d') in 0.002816 seconds 
========================================================================
Received Import Request.
  Time since last request: 49.325382 seconds.
  path: Assets/_GameStuff/Scripts/GmdsManifest.cs
  artifactKey: Guid(e95c9b6b89946514c9082d521b58d7bf) Importer(815301076,1909f56bfc062723c751e8b465ee728b)
Start importing Assets/_GameStuff/Scripts/GmdsManifest.cs using Guid(e95c9b6b89946514c9082d521b58d7bf) Importer(815301076,1909f56bfc062723c751e8b465ee728b)  -> (artifact id: '80929fcc1d8173ddfd187185a8af0206') in 0.003389 seconds 
========================================================================
Received Import Request.
  Time since last request: 46.357385 seconds.
  path: Assets/_GameStuff/Skills/General/Manifest.asset
  artifactKey: Guid(919db27a0548073419237460244389fe) Importer(815301076,1909f56bfc062723c751e8b465ee728b)
Start importing Assets/_GameStuff/Skills/General/Manifest.asset using Guid(919db27a0548073419237460244389fe) Importer(815301076,1909f56bfc062723c751e8b465ee728b)  -> (artifact id: '04a635f7580685104347eb1cca3cb93d') in 0.003092 seconds 
========================================================================
Received Import Request.
  Time since last request: 0.952546 seconds.
  path: Assets/_GameStuff/Skills/General/Manifest.asset
  artifactKey: Guid(919db27a0548073419237460244389fe) Importer(2089858483,934ff659095e30574adcf32a4c2f97b5)
Start importing Assets/_GameStuff/Skills/General/Manifest.asset using Guid(919db27a0548073419237460244389fe) Importer(2089858483,934ff659095e30574adcf32a4c2f97b5)  -> (artifact id: 'ba53a5fbd04d6fc29ec58e1d4ee4782d') in 0.042073 seconds 
AssetImportWorkerClient::OnTransportError - code=2 error=End of file
